<?xml version="1.0" encoding="UTF-8" ?>
<testsuite failures="0" time="0.059" errors="0" skipped="0" tests="1" name="com.testApp.app.AppTest">
  <properties>
    <property name="java.runtime.name" value="Java(TM) SE Runtime Environment"/>
    <property name="sun.boot.library.path" value="C:\Program Files\Java\jdk1.7.0_79\jre\bin"/>
    <property name="java.vm.version" value="24.79-b02"/>
    <property name="java.vm.vendor" value="Oracle Corporation"/>
    <property name="java.vendor.url" value="http://java.oracle.com/"/>
    <property name="path.separator" value=";"/>
    <property name="java.vm.name" value="Java HotSpot(TM) 64-Bit Server VM"/>
    <property name="file.encoding.pkg" value="sun.io"/>
    <property name="user.script" value=""/>
    <property name="user.country" value="US"/>
    <property name="sun.java.launcher" value="SUN_STANDARD"/>
    <property name="sun.os.patch.level" value=""/>
    <property name="java.vm.specification.name" value="Java Virtual Machine Specification"/>
    <property name="user.dir" value="c:\Users\Administrator\Project_Maven\TestApp\AirlineReservation"/>
    <property name="java.runtime.version" value="1.7.0_79-b15"/>
    <property name="java.awt.graphicsenv" value="sun.awt.Win32GraphicsEnvironment"/>
    <property name="basedir" value="c:\Users\Administrator\Project_Maven\TestApp\AirlineReservation"/>
    <property name="java.endorsed.dirs" value="C:\Program Files\Java\jdk1.7.0_79\jre\lib\endorsed"/>
    <property name="os.arch" value="amd64"/>
    <property name="surefire.real.class.path" value="C:\Users\ADMINI~1\AppData\Local\Temp\2\surefirebooter6812357443570531040.jar"/>
    <property name="java.io.tmpdir" value="C:\Users\ADMINI~1\AppData\Local\Temp\2\"/>
    <property name="line.separator" value="
"/>
    <property name="java.vm.specification.vendor" value="Oracle Corporation"/>
    <property name="user.variant" value=""/>
    <property name="os.name" value="Windows Server 2012 R2"/>
    <property name="sun.jnu.encoding" value="Cp1252"/>
    <property name="java.library.path" value="C:\Program Files\Java\jdk1.7.0_79\jre\bin;C:\Windows\Sun\Java\bin;C:\Windows\system32;C:\Windows;C:\Windows\system32;C:\Windows;C:\Windows\System32\Wbem;C:\Windows\System32\WindowsPowerShell\v1.0\;C:\Program Files\Amazon\cfn-bootstrap\;C:\CI\maven-2.2.1\bin\;C:\Program Files\Java\jdk1.7.0_79\bin\;."/>
    <property name="surefire.test.class.path" value="c:\Users\Administrator\Project_Maven\TestApp\AirlineReservation\target\test-classes;c:\Users\Administrator\Project_Maven\TestApp\AirlineReservation\target\classes;C:\Users\Administrator\Maven\javax\servlet\servlet-api\2.5\servlet-api-2.5.jar;C:\Users\Administrator\Maven\junit\junit\4.4\junit-4.4.jar;C:\Users\Administrator\Maven\net\sourceforge\jexcelapi\jxl\2.6\jxl-2.6.jar;C:\Users\Administrator\Maven\javax\servlet\javax.servlet-api\3.0.1\javax.servlet-api-3.0.1.jar;C:\Users\Administrator\Maven\com\amazonaws\aws-java-sdk-codepipeline\1.10.5.1\aws-java-sdk-codepipeline-1.10.5.1.jar;C:\Users\Administrator\Maven\com\amazonaws\aws-java-sdk-core\1.10.5.1\aws-java-sdk-core-1.10.5.1.jar;C:\Users\Administrator\Maven\commons-logging\commons-logging\1.1.3\commons-logging-1.1.3.jar;C:\Users\Administrator\Maven\org\apache\httpcomponents\httpclient\4.3.6\httpclient-4.3.6.jar;C:\Users\Administrator\Maven\org\apache\httpcomponents\httpcore\4.3.3\httpcore-4.3.3.jar;C:\Users\Administrator\Maven\commons-codec\commons-codec\1.6\commons-codec-1.6.jar;C:\Users\Administrator\Maven\com\fasterxml\jackson\core\jackson-databind\2.5.3\jackson-databind-2.5.3.jar;C:\Users\Administrator\Maven\com\fasterxml\jackson\core\jackson-annotations\2.5.0\jackson-annotations-2.5.0.jar;C:\Users\Administrator\Maven\com\fasterxml\jackson\core\jackson-core\2.5.3\jackson-core-2.5.3.jar;C:\Users\Administrator\Maven\joda-time\joda-time\2.8.1\joda-time-2.8.1.jar;"/>
    <property name="java.specification.name" value="Java Platform API Specification"/>
    <property name="java.class.version" value="51.0"/>
    <property name="sun.management.compiler" value="HotSpot 64-Bit Tiered Compilers"/>
    <property name="os.version" value="6.3"/>
    <property name="user.home" value="C:\Users\Administrator"/>
    <property name="user.timezone" value=""/>
    <property name="java.awt.printerjob" value="sun.awt.windows.WPrinterJob"/>
    <property name="java.specification.version" value="1.7"/>
    <property name="file.encoding" value="Cp1252"/>
    <property name="user.name" value="Administrator"/>
    <property name="java.class.path" value="c:\Users\Administrator\Project_Maven\TestApp\AirlineReservation\target\test-classes;c:\Users\Administrator\Project_Maven\TestApp\AirlineReservation\target\classes;C:\Users\Administrator\Maven\javax\servlet\servlet-api\2.5\servlet-api-2.5.jar;C:\Users\Administrator\Maven\junit\junit\4.4\junit-4.4.jar;C:\Users\Administrator\Maven\net\sourceforge\jexcelapi\jxl\2.6\jxl-2.6.jar;C:\Users\Administrator\Maven\javax\servlet\javax.servlet-api\3.0.1\javax.servlet-api-3.0.1.jar;C:\Users\Administrator\Maven\com\amazonaws\aws-java-sdk-codepipeline\1.10.5.1\aws-java-sdk-codepipeline-1.10.5.1.jar;C:\Users\Administrator\Maven\com\amazonaws\aws-java-sdk-core\1.10.5.1\aws-java-sdk-core-1.10.5.1.jar;C:\Users\Administrator\Maven\commons-logging\commons-logging\1.1.3\commons-logging-1.1.3.jar;C:\Users\Administrator\Maven\org\apache\httpcomponents\httpclient\4.3.6\httpclient-4.3.6.jar;C:\Users\Administrator\Maven\org\apache\httpcomponents\httpcore\4.3.3\httpcore-4.3.3.jar;C:\Users\Administrator\Maven\commons-codec\commons-codec\1.6\commons-codec-1.6.jar;C:\Users\Administrator\Maven\com\fasterxml\jackson\core\jackson-databind\2.5.3\jackson-databind-2.5.3.jar;C:\Users\Administrator\Maven\com\fasterxml\jackson\core\jackson-annotations\2.5.0\jackson-annotations-2.5.0.jar;C:\Users\Administrator\Maven\com\fasterxml\jackson\core\jackson-core\2.5.3\jackson-core-2.5.3.jar;C:\Users\Administrator\Maven\joda-time\joda-time\2.8.1\joda-time-2.8.1.jar;"/>
    <property name="java.vm.specification.version" value="1.7"/>
    <property name="sun.arch.data.model" value="64"/>
    <property name="java.home" value="C:\Program Files\Java\jdk1.7.0_79\jre"/>
    <property name="sun.java.command" value="C:\Users\ADMINI~1\AppData\Local\Temp\2\surefirebooter6812357443570531040.jar C:\Users\ADMINI~1\AppData\Local\Temp\2\surefire6731334656341610193tmp C:\Users\ADMINI~1\AppData\Local\Temp\2\surefire9021627347619880282tmp"/>
    <property name="java.specification.vendor" value="Oracle Corporation"/>
    <property name="user.language" value="en"/>
    <property name="awt.toolkit" value="sun.awt.windows.WToolkit"/>
    <property name="java.vm.info" value="mixed mode"/>
    <property name="java.version" value="1.7.0_79"/>
    <property name="java.ext.dirs" value="C:\Program Files\Java\jdk1.7.0_79\jre\lib\ext;C:\Windows\Sun\Java\lib\ext"/>
    <property name="sun.boot.class.path" value="C:\Program Files\Java\jdk1.7.0_79\jre\lib\resources.jar;C:\Program Files\Java\jdk1.7.0_79\jre\lib\rt.jar;C:\Program Files\Java\jdk1.7.0_79\jre\lib\sunrsasign.jar;C:\Program Files\Java\jdk1.7.0_79\jre\lib\jsse.jar;C:\Program Files\Java\jdk1.7.0_79\jre\lib\jce.jar;C:\Program Files\Java\jdk1.7.0_79\jre\lib\charsets.jar;C:\Program Files\Java\jdk1.7.0_79\jre\lib\jfr.jar;C:\Program Files\Java\jdk1.7.0_79\jre\classes"/>
    <property name="java.vendor" value="Oracle Corporation"/>
    <property name="localRepository" value="C:/Users/Administrator/Maven/"/>
    <property name="file.separator" value="\"/>
    <property name="java.vendor.url.bug" value="http://bugreport.sun.com/bugreport/"/>
    <property name="sun.cpu.endian" value="little"/>
    <property name="sun.io.unicode.encoding" value="UnicodeLittle"/>
    <property name="sun.desktop" value="windows"/>
    <property name="sun.cpu.isalist" value="amd64"/>
  </properties>
  <testcase time="0.011" classname="com.testApp.app.AppTest" name="testApp"/>
</testsuite>